<?xml version="1.0" encoding="UTF-8"?>
<!-- Generated by org.testng.reporters.JUnitXMLReporter -->
<testsuite hostname="ganesh-PC" ignored="0" name="Test" tests="6" failures="0" timestamp="03 May 2019 08:10:27 GMT" time="0.059" errors="0">
  <testcase name="five" time="0.007" classname="selenium.Second"/>
  <testcase name="four" time="0.001" classname="selenium.Second"/>
  <testcase name="six" time="0.0" classname="selenium.Second"/>
  <testcase name="one" time="0.0" classname="selenium.First"/>
  <testcase name="three" time="0.0" classname="selenium.First"/>
  <testcase name="two" time="0.0" classname="selenium.First"/>
</testsuite> <!-- Test -->
