<?xml version="1.0" encoding="UTF-8"?>
<testng-results skipped="0" failed="0" ignored="0" total="3" passed="3">
  <reporter-output>
  </reporter-output>
  <suite name="Default suite" duration-ms="108" started-at="2019-05-03T08:31:00Z" finished-at="2019-05-03T08:31:00Z">
    <groups>
    </groups>
    <test name="Default test" duration-ms="108" started-at="2019-05-03T08:31:00Z" finished-at="2019-05-03T08:31:00Z">
      <class name="selenium.First">
        <test-method status="PASS" signature="one()[pri:0, instance:selenium.First@56f4468b]" name="one" duration-ms="29" started-at="2019-05-03T08:31:00Z" finished-at="2019-05-03T08:31:00Z">
          <reporter-output>
          </reporter-output>
        </test-method> <!-- one -->
        <test-method status="PASS" signature="three()[pri:0, instance:selenium.First@56f4468b]" name="three" duration-ms="3" started-at="2019-05-03T08:31:00Z" finished-at="2019-05-03T08:31:00Z">
          <reporter-output>
          </reporter-output>
        </test-method> <!-- three -->
        <test-method status="PASS" signature="two()[pri:0, instance:selenium.First@56f4468b]" name="two" duration-ms="2" started-at="2019-05-03T08:31:00Z" finished-at="2019-05-03T08:31:00Z">
          <reporter-output>
          </reporter-output>
        </test-method> <!-- two -->
      </class> <!-- selenium.First -->
    </test> <!-- Default test -->
  </suite> <!-- Default suite -->
</testng-results>
